{"level":"debug","message":"mongodb://justeatime:justeatime@db:27017/api-db","timestamp":"2023-06-07T17:18:36.646Z"}
{"level":"info","message":"server running on port : 4000","timestamp":"2023-06-07T17:18:37.162Z"}
{"level":"info","message":"Cache is connecting","timestamp":"2023-06-07T17:18:37.175Z"}
{"level":"info","message":"Cache is ready","timestamp":"2023-06-07T17:18:37.188Z"}
{"level":"debug","message":"Mongoose default connection open to mongodb://justeatime:justeatime@db:27017/api-db","timestamp":"2023-06-07T17:18:37.201Z"}
{"level":"info","message":"Mongoose connection done","timestamp":"2023-06-07T17:18:37.203Z"}
{"level":"info","message":{"_id":"6480ba128f8fade8d5a20a90","comments":["To be used by the xyz vendor"],"key":"GCMUDiuY5a7WvyUNt9n3QztToSHzK7Uj","permissions":["GENERAL"],"status":true,"version":1},"timestamp":"2023-06-07T17:18:49.419Z"}
{"level":"error","message":"500 - secretOrPrivateKey must be an asymmetric key when using RS256 - /api/signup/basic - POST - ::ffff:172.26.0.7","timestamp":"2023-06-07T17:18:49.512Z"}
{"level":"error","timestamp":"2023-06-07T17:18:49.512Z"}
{"level":"info","message":{"_id":"6480ba128f8fade8d5a20a90","comments":["To be used by the xyz vendor"],"key":"GCMUDiuY5a7WvyUNt9n3QztToSHzK7Uj","permissions":["GENERAL"],"status":true,"version":1},"timestamp":"2023-06-07T17:23:57.879Z"}
{"level":"info","message":{"_id":"6480ba128f8fade8d5a20a90","comments":["To be used by the xyz vendor"],"key":"GCMUDiuY5a7WvyUNt9n3QztToSHzK7Uj","permissions":["GENERAL"],"status":true,"version":1},"timestamp":"2023-06-07T17:23:59.616Z"}
{"level":"info","message":{"_id":"6480ba128f8fade8d5a20a90","comments":["To be used by the xyz vendor"],"key":"GCMUDiuY5a7WvyUNt9n3QztToSHzK7Uj","permissions":["GENERAL"],"status":true,"version":1},"timestamp":"2023-06-07T17:24:02.056Z"}
{"level":"error","message":"500 - secretOrPrivateKey must be an asymmetric key when using RS256 - /api/signup/basic - POST - ::ffff:172.26.0.7","timestamp":"2023-06-07T17:24:02.147Z"}
{"level":"error","timestamp":"2023-06-07T17:24:02.147Z"}
{"level":"info","message":{"_id":"6480ba128f8fade8d5a20a90","comments":["To be used by the xyz vendor"],"key":"GCMUDiuY5a7WvyUNt9n3QztToSHzK7Uj","permissions":["GENERAL"],"status":true,"version":1},"timestamp":"2023-06-07T17:24:42.445Z"}
{"level":"debug","message":"mongodb://justeatime:justeatime@db:27017/api-db","timestamp":"2023-06-07T17:26:51.467Z"}
{"level":"info","message":"server running on port : 4000","timestamp":"2023-06-07T17:26:51.833Z"}
{"level":"info","message":"Cache is connecting","timestamp":"2023-06-07T17:26:51.838Z"}
{"level":"info","message":"Cache is ready","timestamp":"2023-06-07T17:26:51.843Z"}
{"level":"debug","message":"Mongoose default connection open to mongodb://justeatime:justeatime@db:27017/api-db","timestamp":"2023-06-07T17:26:51.868Z"}
{"level":"info","message":"Mongoose connection done","timestamp":"2023-06-07T17:26:51.870Z"}
{"level":"info","message":{"_id":"6480bdd13343f9525317a9db","comments":["To be used by the xyz vendor"],"key":"GCMUDiuY5a7WvyUNt9n3QztToSHzK7Uj","permissions":["GENERAL"],"status":true,"version":1},"timestamp":"2023-06-07T17:27:09.368Z"}
{"level":"info","message":{"_id":"6480bdd13343f9525317a9db","comments":["To be used by the xyz vendor"],"key":"GCMUDiuY5a7WvyUNt9n3QztToSHzK7Uj","permissions":["GENERAL"],"status":true,"version":1},"timestamp":"2023-06-07T17:27:33.745Z"}
